2017-05-09 14:27:30 DEBUG Hooks:32 - ###########################################################################################################################
2017-05-09 14:27:30 DEBUG Hooks:34 - featureID: inventory-lock
2017-05-09 14:27:30 DEBUG Hooks:35 - Start of Scenario: Lock the inventory from unlocked status
2017-05-09 14:27:30 DEBUG Hooks:36 - ###########################################################################################################################
2017-05-09 14:27:58 DEBUG ReceiptReversalStepDefs:62 - Before performing Receipt reversal :
2017-05-09 14:27:58 DEBUG ReceiptReversalStepDefs:63 - TAG ID : 7080001006
2017-05-09 14:27:58 DEBUG ReceiptReversalStepDefs:64 - SKU : 20001272
2017-05-09 14:27:58 DEBUG ReceiptReversalStepDefs:65 - Qty on Hand : 794
2017-05-09 14:28:33 DEBUG Hooks:76 - ###########################################################################################################################
2017-05-09 14:28:33 DEBUG Hooks:78 - End of Scenario: Lock the inventory from unlocked status
2017-05-09 14:28:33 DEBUG Hooks:79 - ###########################################################################################################################
2017-05-10 07:56:24 DEBUG Hooks:32 - ###########################################################################################################################
2017-05-10 07:56:24 DEBUG Hooks:34 - featureID: receive-purchase-order
2017-05-10 07:56:24 DEBUG Hooks:35 - Start of Scenario: Inventory is updated after the transaction
2017-05-10 07:56:24 DEBUG Hooks:36 - ###########################################################################################################################
2017-05-10 07:56:54 DEBUG Hooks:32 - ###########################################################################################################################
2017-05-10 07:56:54 DEBUG Hooks:34 - featureID: receipt-reversal
2017-05-10 07:56:54 DEBUG Hooks:35 - Start of Scenario: Return the damaged stocks to the supplier
2017-05-10 07:56:54 DEBUG Hooks:36 - ###########################################################################################################################
2017-05-10 07:56:54 DEBUG Hooks:76 - ###########################################################################################################################
2017-05-10 07:56:54 DEBUG Hooks:78 - End of Scenario: Return the damaged stocks to the supplier
2017-05-10 07:56:54 DEBUG Hooks:79 - ###########################################################################################################################
2017-05-10 08:29:23 DEBUG Hooks:32 - ###########################################################################################################################
2017-05-10 08:29:23 DEBUG Hooks:34 - featureID: receipt-reversal
2017-05-10 08:29:23 DEBUG Hooks:35 - Start of Scenario: Return the damaged stocks to the supplier
2017-05-10 08:29:23 DEBUG Hooks:36 - ###########################################################################################################################
2017-05-10 08:29:48 DEBUG Hooks:76 - ###########################################################################################################################
2017-05-10 08:29:48 DEBUG Hooks:78 - End of Scenario: Return the damaged stocks to the supplier
2017-05-10 08:29:48 DEBUG Hooks:79 - ###########################################################################################################################
2017-05-10 08:31:35 DEBUG Hooks:32 - ###########################################################################################################################
2017-05-10 08:31:35 DEBUG Hooks:34 - featureID: receipt-reversal
2017-05-10 08:31:35 DEBUG Hooks:35 - Start of Scenario: Return the damaged stocks to the supplier
2017-05-10 08:31:35 DEBUG Hooks:36 - ###########################################################################################################################
2017-05-10 08:32:05 DEBUG ReceiptReversalStepDefs:62 - Before performing Receipt reversal - TAG ID: 7080001006, SKU: 20001272, Qty on Hand : 778
2017-05-10 08:32:40 DEBUG Hooks:76 - ###########################################################################################################################
2017-05-10 08:32:40 DEBUG Hooks:78 - End of Scenario: Return the damaged stocks to the supplier
2017-05-10 08:32:40 DEBUG Hooks:79 - ###########################################################################################################################
2017-05-10 08:35:49 DEBUG Hooks:32 - ###########################################################################################################################
2017-05-10 08:35:49 DEBUG Hooks:34 - featureID: receipt-reversal
2017-05-10 08:35:49 DEBUG Hooks:35 - Start of Scenario: Return the damaged stocks to the supplier
2017-05-10 08:35:49 DEBUG Hooks:36 - ###########################################################################################################################
2017-05-10 08:36:19 DEBUG ReceiptReversalStepDefs:62 - Before performing Receipt reversal - TAG ID: 7080001006, SKU: 20001272, Qty on Hand : 778
2017-05-10 08:36:53 DEBUG Hooks:76 - ###########################################################################################################################
2017-05-10 08:36:53 DEBUG Hooks:78 - End of Scenario: Return the damaged stocks to the supplier
2017-05-10 08:36:53 DEBUG Hooks:79 - ###########################################################################################################################
2017-05-10 08:39:21 DEBUG Hooks:32 - ###########################################################################################################################
2017-05-10 08:39:21 DEBUG Hooks:34 - featureID: receipt-reversal
2017-05-10 08:39:21 DEBUG Hooks:35 - Start of Scenario: Return the damaged stocks to the supplier
2017-05-10 08:39:21 DEBUG Hooks:36 - ###########################################################################################################################
2017-05-10 08:39:53 DEBUG ReceiptReversalStepDefs:62 - Before performing Receipt reversal - TAG ID: 7080001006, SKU: 20001272, Qty on Hand : 778
2017-05-10 08:40:35 DEBUG Hooks:76 - ###########################################################################################################################
2017-05-10 08:40:35 DEBUG Hooks:78 - End of Scenario: Return the damaged stocks to the supplier
2017-05-10 08:40:35 DEBUG Hooks:79 - ###########################################################################################################################
